<?xml version="1.0" encoding="UTF-8"?>
<!-- Generated by org.testng.reporters.JUnitXMLReporter -->
<testsuite ignored="0" hostname="DESKTOP-HDG8ULN" failures="0" tests="2" name="ChromeTest" time="24.542" errors="0" timestamp="2022-02-02T10:34:55 IST">
  <testcase classname="test.VerifyHeaderOfActitime" name="@BeforeTest lauchBrowser" time="24.375">
    <failure type="org.openqa.selenium.SessionNotCreatedException" message="session not created: This version of ChromeDriver only supports Chrome version 96
Current browser version is 98.0.4758.81 with binary path C:\Program Files (x86)\Google\Chrome\Application\chrome.exe
Build info: version: &amp;apos;3.141.59&amp;apos;, revision: &amp;apos;e82be7d358&amp;apos;, time: &amp;apos;2018-11-14T08:17:03&amp;apos;
System info: host: &amp;apos;DESKTOP-HDG8ULN&amp;apos;, ip: &amp;apos;192.168.43.23&amp;apos;, os.name: &amp;apos;Windows 10&amp;apos;, os.arch: &amp;apos;amd64&amp;apos;, os.version: &amp;apos;10.0&amp;apos;, java.version: &amp;apos;16.0.2&amp;apos;
Driver info: driver.version: ChromeDriver
remote stacktrace: Backtrace:
	Ordinal0 [0x00956903+2517251]
	Ordinal0 [0x008EF8E1+2095329]
	Ordinal0 [0x007F2848+1058888]
	Ordinal0 [0x00810B9D+1182621]
	Ordinal0 [0x0080CA60+1165920]
	Ordinal0 [0x0080A2CF+1155791]
	Ordinal0 [0x0083AAAF+1354415]
	Ordinal0 [0x0083A71A+1353498]
	Ordinal0 [0x0083639B+1336219]
	Ordinal0 [0x008127A7+1189799]
	Ordinal0 [0x00813609+1193481]
	GetHandleVerifier [0x00AE5904+1577972]
	GetHandleVerifier [0x00B90B97+2279047]
	GetHandleVerifier [0x009E6D09+534521]
	GetHandleVerifier [0x009E5DB9+530601]
	Ordinal0 [0x008F4FF9+2117625]
	Ordinal0 [0x008F98A8+2136232]
	Ordinal0 [0x008F99E2+2136546]
	Ordinal0 [0x00903541+2176321]
	BaseThreadInitThunk [0x75CBFA29+25]
	RtlGetAppContainerNamedObjectPath [0x77B87A9E+286]
	RtlGetAppContainerNamedObjectPath [0x77B87A6E+238]
">
      <![CDATA[org.openqa.selenium.SessionNotCreatedException: session not created: This version of ChromeDriver only supports Chrome version 96
Current browser version is 98.0.4758.81 with binary path C:\Program Files (x86)\Google\Chrome\Application\chrome.exe
Build info: version: '3.141.59', revision: 'e82be7d358', time: '2018-11-14T08:17:03'
System info: host: 'DESKTOP-HDG8ULN', ip: '192.168.43.23', os.name: 'Windows 10', os.arch: 'amd64', os.version: '10.0', java.version: '16.0.2'
Driver info: driver.version: ChromeDriver
remote stacktrace: Backtrace:
Ordinal0 [0x00956903+2517251]
Ordinal0 [0x008EF8E1+2095329]
Ordinal0 [0x007F2848+1058888]
Ordinal0 [0x00810B9D+1182621]
Ordinal0 [0x0080CA60+1165920]
Ordinal0 [0x0080A2CF+1155791]
Ordinal0 [0x0083AAAF+1354415]
Ordinal0 [0x0083A71A+1353498]
Ordinal0 [0x0083639B+1336219]
Ordinal0 [0x008127A7+1189799]
Ordinal0 [0x00813609+1193481]
GetHandleVerifier [0x00AE5904+1577972]
GetHandleVerifier [0x00B90B97+2279047]
GetHandleVerifier [0x009E6D09+534521]
GetHandleVerifier [0x009E5DB9+530601]
Ordinal0 [0x008F4FF9+2117625]
Ordinal0 [0x008F98A8+2136232]
Ordinal0 [0x008F99E2+2136546]
Ordinal0 [0x00903541+2176321]
BaseThreadInitThunk [0x75CBFA29+25]
RtlGetAppContainerNamedObjectPath [0x77B87A9E+286]
RtlGetAppContainerNamedObjectPath [0x77B87A6E+238]

at org.openqa.selenium.remote.W3CHandshakeResponse.lambda$errorHandler$0(W3CHandshakeResponse.java:62)
at org.openqa.selenium.remote.HandshakeResponse.lambda$getResponseFunction$0(HandshakeResponse.java:30)
at org.openqa.selenium.remote.ProtocolHandshake.lambda$createSession$0(ProtocolHandshake.java:126)
at java.base/java.util.stream.ReferencePipeline$3$1.accept(ReferencePipeline.java:197)
at java.base/java.util.Spliterators$ArraySpliterator.tryAdvance(Spliterators.java:958)
at java.base/java.util.stream.ReferencePipeline.forEachWithCancel(ReferencePipeline.java:129)
at java.base/java.util.stream.AbstractPipeline.copyIntoWithCancel(AbstractPipeline.java:502)
at java.base/java.util.stream.AbstractPipeline.copyInto(AbstractPipeline.java:488)
at java.base/java.util.stream.AbstractPipeline.wrapAndCopyInto(AbstractPipeline.java:474)
at java.base/java.util.stream.FindOps$FindOp.evaluateSequential(FindOps.java:150)
at java.base/java.util.stream.AbstractPipeline.evaluate(AbstractPipeline.java:234)
at java.base/java.util.stream.ReferencePipeline.findFirst(ReferencePipeline.java:647)
at org.openqa.selenium.remote.ProtocolHandshake.createSession(ProtocolHandshake.java:128)
at org.openqa.selenium.remote.ProtocolHandshake.createSession(ProtocolHandshake.java:74)
at org.openqa.selenium.remote.HttpCommandExecutor.execute(HttpCommandExecutor.java:136)
at org.openqa.selenium.remote.service.DriverCommandExecutor.execute(DriverCommandExecutor.java:83)
at org.openqa.selenium.remote.RemoteWebDriver.execute(RemoteWebDriver.java:552)
at org.openqa.selenium.remote.RemoteWebDriver.startSession(RemoteWebDriver.java:213)
at org.openqa.selenium.remote.RemoteWebDriver.<init>(RemoteWebDriver.java:131)
at org.openqa.selenium.chrome.ChromeDriver.<init>(ChromeDriver.java:181)
at org.openqa.selenium.chrome.ChromeDriver.<init>(ChromeDriver.java:168)
at org.openqa.selenium.chrome.ChromeDriver.<init>(ChromeDriver.java:123)
at base.Base.openChromeBrowser(Base.java:13)
at test.VerifyHeaderOfActitime.lauchBrowser(VerifyHeaderOfActitime.java:56)
... Removed 29 stack frames]]>
    </failure>
  </testcase> <!-- @BeforeTest lauchBrowser -->
  <testcase classname="test.VerifyHeaderOfActitime" name="@BeforeClass initializePomclasses" time="0.0">
    <skipped/>
  </testcase> <!-- @BeforeClass initializePomclasses -->
  <testcase classname="test.VerifyHeaderOfActitime" name="@BeforeMethod loginActiTime" time="0.0">
    <skipped/>
  </testcase> <!-- @BeforeMethod loginActiTime -->
  <testcase classname="test.VerifyHeaderOfActitime" name="@AfterMethod logoutActitimeHeader" time="0.0">
    <skipped/>
  </testcase> <!-- @AfterMethod logoutActitimeHeader -->
  <testcase classname="test.VerifyHeaderOfActitime" name="@BeforeMethod loginActiTime" time="0.0">
    <skipped/>
  </testcase> <!-- @BeforeMethod loginActiTime -->
  <testcase classname="test.VerifyHeaderOfActitime" name="@AfterMethod logoutActitimeHeader" time="0.0">
    <skipped/>
  </testcase> <!-- @AfterMethod logoutActitimeHeader -->
  <testcase classname="test.VerifyHeaderOfActitime" name="@AfterClass Clearobjects" time="0.0">
    <skipped/>
  </testcase> <!-- @AfterClass Clearobjects -->
  <testcase classname="test.VerifyHeaderOfActitime" name="@AfterTest closeBrowser" time="0.0">
    <skipped/>
  </testcase> <!-- @AfterTest closeBrowser -->
  <testcase classname="test.VerifyHeaderOfActitime" name="toVerifyReportTab" time="0.0">
    <skipped/>
  </testcase> <!-- toVerifyReportTab -->
  <testcase classname="test.VerifyHeaderOfActitime" name="toVerifyUserTab" time="0.0">
    <skipped/>
  </testcase> <!-- toVerifyUserTab -->
</testsuite> <!-- ChromeTest -->
