<?xml version="1.0" encoding="UTF-8"?>
<testng-results ignored="0" total="4" passed="2" failed="0" skipped="2">
  <reporter-output>
  </reporter-output>
  <suite started-at="2022-02-02T10:34:31 IST" name="Suite" finished-at="2022-02-02T10:36:56 IST" duration-ms="145640">
    <groups>
    </groups>
    <test started-at="2022-02-02T10:34:31 IST" name="ChromeTest" finished-at="2022-02-02T10:34:55 IST" duration-ms="24542">
      <class name="test.VerifyHeaderOfActitime">
        <test-method is-config="true" signature="lauchBrowser(java.lang.String)[pri:0, instance:test.VerifyHeaderOfActitime@72057ecf]" started-at="2022-02-02T10:34:31 IST" name="lauchBrowser" finished-at="2022-02-02T10:34:55 IST" duration-ms="24375" status="FAIL">
          <params>
            <param index="0">
              <value>
                <![CDATA[chrome]]>
              </value>
            </param>
          </params>
          <exception class="org.openqa.selenium.SessionNotCreatedException">
            <message>
              <![CDATA[session not created: This version of ChromeDriver only supports Chrome version 96
Current browser version is 98.0.4758.81 with binary path C:\Program Files (x86)\Google\Chrome\Application\chrome.exe
Build info: version: '3.141.59', revision: 'e82be7d358', time: '2018-11-14T08:17:03'
System info: host: 'DESKTOP-HDG8ULN', ip: '192.168.43.23', os.name: 'Windows 10', os.arch: 'amd64', os.version: '10.0', java.version: '16.0.2'
Driver info: driver.version: ChromeDriver
remote stacktrace: Backtrace:
Ordinal0 [0x00956903+2517251]
Ordinal0 [0x008EF8E1+2095329]
Ordinal0 [0x007F2848+1058888]
Ordinal0 [0x00810B9D+1182621]
Ordinal0 [0x0080CA60+1165920]
Ordinal0 [0x0080A2CF+1155791]
Ordinal0 [0x0083AAAF+1354415]
Ordinal0 [0x0083A71A+1353498]
Ordinal0 [0x0083639B+1336219]
Ordinal0 [0x008127A7+1189799]
Ordinal0 [0x00813609+1193481]
GetHandleVerifier [0x00AE5904+1577972]
GetHandleVerifier [0x00B90B97+2279047]
GetHandleVerifier [0x009E6D09+534521]
GetHandleVerifier [0x009E5DB9+530601]
Ordinal0 [0x008F4FF9+2117625]
Ordinal0 [0x008F98A8+2136232]
Ordinal0 [0x008F99E2+2136546]
Ordinal0 [0x00903541+2176321]
BaseThreadInitThunk [0x75CBFA29+25]
RtlGetAppContainerNamedObjectPath [0x77B87A9E+286]
RtlGetAppContainerNamedObjectPath [0x77B87A6E+238]
]]>
            </message>
            <full-stacktrace>
              <![CDATA[org.openqa.selenium.SessionNotCreatedException: session not created: This version of ChromeDriver only supports Chrome version 96
Current browser version is 98.0.4758.81 with binary path C:\Program Files (x86)\Google\Chrome\Application\chrome.exe
Build info: version: '3.141.59', revision: 'e82be7d358', time: '2018-11-14T08:17:03'
System info: host: 'DESKTOP-HDG8ULN', ip: '192.168.43.23', os.name: 'Windows 10', os.arch: 'amd64', os.version: '10.0', java.version: '16.0.2'
Driver info: driver.version: ChromeDriver
remote stacktrace: Backtrace:
Ordinal0 [0x00956903+2517251]
Ordinal0 [0x008EF8E1+2095329]
Ordinal0 [0x007F2848+1058888]
Ordinal0 [0x00810B9D+1182621]
Ordinal0 [0x0080CA60+1165920]
Ordinal0 [0x0080A2CF+1155791]
Ordinal0 [0x0083AAAF+1354415]
Ordinal0 [0x0083A71A+1353498]
Ordinal0 [0x0083639B+1336219]
Ordinal0 [0x008127A7+1189799]
Ordinal0 [0x00813609+1193481]
GetHandleVerifier [0x00AE5904+1577972]
GetHandleVerifier [0x00B90B97+2279047]
GetHandleVerifier [0x009E6D09+534521]
GetHandleVerifier [0x009E5DB9+530601]
Ordinal0 [0x008F4FF9+2117625]
Ordinal0 [0x008F98A8+2136232]
Ordinal0 [0x008F99E2+2136546]
Ordinal0 [0x00903541+2176321]
BaseThreadInitThunk [0x75CBFA29+25]
RtlGetAppContainerNamedObjectPath [0x77B87A9E+286]
RtlGetAppContainerNamedObjectPath [0x77B87A6E+238]

at java.base/jdk.internal.reflect.NativeConstructorAccessorImpl.newInstance0(Native Method)
at java.base/jdk.internal.reflect.NativeConstructorAccessorImpl.newInstance(NativeConstructorAccessorImpl.java:78)
at java.base/jdk.internal.reflect.DelegatingConstructorAccessorImpl.newInstance(DelegatingConstructorAccessorImpl.java:45)
at java.base/java.lang.reflect.Constructor.newInstanceWithCaller(Constructor.java:499)
at java.base/java.lang.reflect.Constructor.newInstance(Constructor.java:480)
at org.openqa.selenium.remote.W3CHandshakeResponse.lambda$errorHandler$0(W3CHandshakeResponse.java:62)
at org.openqa.selenium.remote.HandshakeResponse.lambda$getResponseFunction$0(HandshakeResponse.java:30)
at org.openqa.selenium.remote.ProtocolHandshake.lambda$createSession$0(ProtocolHandshake.java:126)
at java.base/java.util.stream.ReferencePipeline$3$1.accept(ReferencePipeline.java:197)
at java.base/java.util.Spliterators$ArraySpliterator.tryAdvance(Spliterators.java:958)
at java.base/java.util.stream.ReferencePipeline.forEachWithCancel(ReferencePipeline.java:129)
at java.base/java.util.stream.AbstractPipeline.copyIntoWithCancel(AbstractPipeline.java:502)
at java.base/java.util.stream.AbstractPipeline.copyInto(AbstractPipeline.java:488)
at java.base/java.util.stream.AbstractPipeline.wrapAndCopyInto(AbstractPipeline.java:474)
at java.base/java.util.stream.FindOps$FindOp.evaluateSequential(FindOps.java:150)
at java.base/java.util.stream.AbstractPipeline.evaluate(AbstractPipeline.java:234)
at java.base/java.util.stream.ReferencePipeline.findFirst(ReferencePipeline.java:647)
at org.openqa.selenium.remote.ProtocolHandshake.createSession(ProtocolHandshake.java:128)
at org.openqa.selenium.remote.ProtocolHandshake.createSession(ProtocolHandshake.java:74)
at org.openqa.selenium.remote.HttpCommandExecutor.execute(HttpCommandExecutor.java:136)
at org.openqa.selenium.remote.service.DriverCommandExecutor.execute(DriverCommandExecutor.java:83)
at org.openqa.selenium.remote.RemoteWebDriver.execute(RemoteWebDriver.java:552)
at org.openqa.selenium.remote.RemoteWebDriver.startSession(RemoteWebDriver.java:213)
at org.openqa.selenium.remote.RemoteWebDriver.<init>(RemoteWebDriver.java:131)
at org.openqa.selenium.chrome.ChromeDriver.<init>(ChromeDriver.java:181)
at org.openqa.selenium.chrome.ChromeDriver.<init>(ChromeDriver.java:168)
at org.openqa.selenium.chrome.ChromeDriver.<init>(ChromeDriver.java:123)
at base.Base.openChromeBrowser(Base.java:13)
at test.VerifyHeaderOfActitime.lauchBrowser(VerifyHeaderOfActitime.java:56)
at java.base/jdk.internal.reflect.NativeMethodAccessorImpl.invoke0(Native Method)
at java.base/jdk.internal.reflect.NativeMethodAccessorImpl.invoke(NativeMethodAccessorImpl.java:78)
at java.base/jdk.internal.reflect.DelegatingMethodAccessorImpl.invoke(DelegatingMethodAccessorImpl.java:43)
at java.base/java.lang.reflect.Method.invoke(Method.java:567)
at org.testng.internal.invokers.MethodInvocationHelper.invokeMethod(MethodInvocationHelper.java:135)
at org.testng.internal.invokers.MethodInvocationHelper.invokeMethodConsideringTimeout(MethodInvocationHelper.java:65)
at org.testng.internal.invokers.ConfigInvoker.invokeConfigurationMethod(ConfigInvoker.java:381)
at org.testng.internal.invokers.ConfigInvoker.invokeConfigurations(ConfigInvoker.java:319)
at org.testng.TestRunner.invokeTestConfigurations(TestRunner.java:645)
at org.testng.TestRunner.beforeRun(TestRunner.java:634)
at org.testng.TestRunner.run(TestRunner.java:596)
at org.testng.SuiteRunner.runTest(SuiteRunner.java:429)
at org.testng.SuiteRunner.runSequentially(SuiteRunner.java:423)
at org.testng.SuiteRunner.privateRun(SuiteRunner.java:383)
at org.testng.SuiteRunner.run(SuiteRunner.java:326)
at org.testng.SuiteRunnerWorker.runSuite(SuiteRunnerWorker.java:52)
at org.testng.SuiteRunnerWorker.run(SuiteRunnerWorker.java:95)
at org.testng.TestNG.runSuitesSequentially(TestNG.java:1249)
at org.testng.TestNG.runSuitesLocally(TestNG.java:1169)
at org.testng.TestNG.runSuites(TestNG.java:1092)
at org.testng.TestNG.run(TestNG.java:1060)
at org.testng.remote.AbstractRemoteTestNG.run(AbstractRemoteTestNG.java:115)
at org.testng.remote.RemoteTestNG.initAndRun(RemoteTestNG.java:251)
at org.testng.remote.RemoteTestNG.main(RemoteTestNG.java:77)
]]>
            </full-stacktrace>
          </exception> <!-- org.openqa.selenium.SessionNotCreatedException -->
          <reporter-output>
          </reporter-output>
        </test-method> <!-- lauchBrowser -->
        <test-method is-config="true" signature="initializePomclasses()[pri:0, instance:test.VerifyHeaderOfActitime@72057ecf]" started-at="2022-02-02T10:34:55 IST" name="initializePomclasses" finished-at="2022-02-02T10:34:55 IST" duration-ms="0" status="SKIP">
          <reporter-output>
          </reporter-output>
        </test-method> <!-- initializePomclasses -->
        <test-method is-config="true" signature="loginActiTime()[pri:0, instance:test.VerifyHeaderOfActitime@72057ecf]" started-at="2022-02-02T10:34:55 IST" name="loginActiTime" finished-at="2022-02-02T10:34:55 IST" duration-ms="0" status="SKIP">
          <reporter-output>
          </reporter-output>
        </test-method> <!-- loginActiTime -->
        <test-method signature="toVerifyReportTab()[pri:0, instance:test.VerifyHeaderOfActitime@72057ecf]" started-at="2022-02-02T10:34:55 IST" name="toVerifyReportTab" finished-at="2022-02-02T10:34:55 IST" duration-ms="0" status="SKIP">
          <exception class="org.openqa.selenium.SessionNotCreatedException">
            <message>
              <![CDATA[session not created: This version of ChromeDriver only supports Chrome version 96
Current browser version is 98.0.4758.81 with binary path C:\Program Files (x86)\Google\Chrome\Application\chrome.exe
Build info: version: '3.141.59', revision: 'e82be7d358', time: '2018-11-14T08:17:03'
System info: host: 'DESKTOP-HDG8ULN', ip: '192.168.43.23', os.name: 'Windows 10', os.arch: 'amd64', os.version: '10.0', java.version: '16.0.2'
Driver info: driver.version: ChromeDriver
remote stacktrace: Backtrace:
Ordinal0 [0x00956903+2517251]
Ordinal0 [0x008EF8E1+2095329]
Ordinal0 [0x007F2848+1058888]
Ordinal0 [0x00810B9D+1182621]
Ordinal0 [0x0080CA60+1165920]
Ordinal0 [0x0080A2CF+1155791]
Ordinal0 [0x0083AAAF+1354415]
Ordinal0 [0x0083A71A+1353498]
Ordinal0 [0x0083639B+1336219]
Ordinal0 [0x008127A7+1189799]
Ordinal0 [0x00813609+1193481]
GetHandleVerifier [0x00AE5904+1577972]
GetHandleVerifier [0x00B90B97+2279047]
GetHandleVerifier [0x009E6D09+534521]
GetHandleVerifier [0x009E5DB9+530601]
Ordinal0 [0x008F4FF9+2117625]
Ordinal0 [0x008F98A8+2136232]
Ordinal0 [0x008F99E2+2136546]
Ordinal0 [0x00903541+2176321]
BaseThreadInitThunk [0x75CBFA29+25]
RtlGetAppContainerNamedObjectPath [0x77B87A9E+286]
RtlGetAppContainerNamedObjectPath [0x77B87A6E+238]
]]>
            </message>
            <full-stacktrace>
              <![CDATA[org.openqa.selenium.SessionNotCreatedException: session not created: This version of ChromeDriver only supports Chrome version 96
Current browser version is 98.0.4758.81 with binary path C:\Program Files (x86)\Google\Chrome\Application\chrome.exe
Build info: version: '3.141.59', revision: 'e82be7d358', time: '2018-11-14T08:17:03'
System info: host: 'DESKTOP-HDG8ULN', ip: '192.168.43.23', os.name: 'Windows 10', os.arch: 'amd64', os.version: '10.0', java.version: '16.0.2'
Driver info: driver.version: ChromeDriver
remote stacktrace: Backtrace:
Ordinal0 [0x00956903+2517251]
Ordinal0 [0x008EF8E1+2095329]
Ordinal0 [0x007F2848+1058888]
Ordinal0 [0x00810B9D+1182621]
Ordinal0 [0x0080CA60+1165920]
Ordinal0 [0x0080A2CF+1155791]
Ordinal0 [0x0083AAAF+1354415]
Ordinal0 [0x0083A71A+1353498]
Ordinal0 [0x0083639B+1336219]
Ordinal0 [0x008127A7+1189799]
Ordinal0 [0x00813609+1193481]
GetHandleVerifier [0x00AE5904+1577972]
GetHandleVerifier [0x00B90B97+2279047]
GetHandleVerifier [0x009E6D09+534521]
GetHandleVerifier [0x009E5DB9+530601]
Ordinal0 [0x008F4FF9+2117625]
Ordinal0 [0x008F98A8+2136232]
Ordinal0 [0x008F99E2+2136546]
Ordinal0 [0x00903541+2176321]
BaseThreadInitThunk [0x75CBFA29+25]
RtlGetAppContainerNamedObjectPath [0x77B87A9E+286]
RtlGetAppContainerNamedObjectPath [0x77B87A6E+238]

at java.base/jdk.internal.reflect.NativeConstructorAccessorImpl.newInstance0(Native Method)
at java.base/jdk.internal.reflect.NativeConstructorAccessorImpl.newInstance(NativeConstructorAccessorImpl.java:78)
at java.base/jdk.internal.reflect.DelegatingConstructorAccessorImpl.newInstance(DelegatingConstructorAccessorImpl.java:45)
at java.base/java.lang.reflect.Constructor.newInstanceWithCaller(Constructor.java:499)
at java.base/java.lang.reflect.Constructor.newInstance(Constructor.java:480)
at org.openqa.selenium.remote.W3CHandshakeResponse.lambda$errorHandler$0(W3CHandshakeResponse.java:62)
at org.openqa.selenium.remote.HandshakeResponse.lambda$getResponseFunction$0(HandshakeResponse.java:30)
at org.openqa.selenium.remote.ProtocolHandshake.lambda$createSession$0(ProtocolHandshake.java:126)
at java.base/java.util.stream.ReferencePipeline$3$1.accept(ReferencePipeline.java:197)
at java.base/java.util.Spliterators$ArraySpliterator.tryAdvance(Spliterators.java:958)
at java.base/java.util.stream.ReferencePipeline.forEachWithCancel(ReferencePipeline.java:129)
at java.base/java.util.stream.AbstractPipeline.copyIntoWithCancel(AbstractPipeline.java:502)
at java.base/java.util.stream.AbstractPipeline.copyInto(AbstractPipeline.java:488)
at java.base/java.util.stream.AbstractPipeline.wrapAndCopyInto(AbstractPipeline.java:474)
at java.base/java.util.stream.FindOps$FindOp.evaluateSequential(FindOps.java:150)
at java.base/java.util.stream.AbstractPipeline.evaluate(AbstractPipeline.java:234)
at java.base/java.util.stream.ReferencePipeline.findFirst(ReferencePipeline.java:647)
at org.openqa.selenium.remote.ProtocolHandshake.createSession(ProtocolHandshake.java:128)
at org.openqa.selenium.remote.ProtocolHandshake.createSession(ProtocolHandshake.java:74)
at org.openqa.selenium.remote.HttpCommandExecutor.execute(HttpCommandExecutor.java:136)
at org.openqa.selenium.remote.service.DriverCommandExecutor.execute(DriverCommandExecutor.java:83)
at org.openqa.selenium.remote.RemoteWebDriver.execute(RemoteWebDriver.java:552)
at org.openqa.selenium.remote.RemoteWebDriver.startSession(RemoteWebDriver.java:213)
at org.openqa.selenium.remote.RemoteWebDriver.<init>(RemoteWebDriver.java:131)
at org.openqa.selenium.chrome.ChromeDriver.<init>(ChromeDriver.java:181)
at org.openqa.selenium.chrome.ChromeDriver.<init>(ChromeDriver.java:168)
at org.openqa.selenium.chrome.ChromeDriver.<init>(ChromeDriver.java:123)
at base.Base.openChromeBrowser(Base.java:13)
at test.VerifyHeaderOfActitime.lauchBrowser(VerifyHeaderOfActitime.java:56)
at java.base/jdk.internal.reflect.NativeMethodAccessorImpl.invoke0(Native Method)
at java.base/jdk.internal.reflect.NativeMethodAccessorImpl.invoke(NativeMethodAccessorImpl.java:78)
at java.base/jdk.internal.reflect.DelegatingMethodAccessorImpl.invoke(DelegatingMethodAccessorImpl.java:43)
at java.base/java.lang.reflect.Method.invoke(Method.java:567)
at org.testng.internal.invokers.MethodInvocationHelper.invokeMethod(MethodInvocationHelper.java:135)
at org.testng.internal.invokers.MethodInvocationHelper.invokeMethodConsideringTimeout(MethodInvocationHelper.java:65)
at org.testng.internal.invokers.ConfigInvoker.invokeConfigurationMethod(ConfigInvoker.java:381)
at org.testng.internal.invokers.ConfigInvoker.invokeConfigurations(ConfigInvoker.java:319)
at org.testng.TestRunner.invokeTestConfigurations(TestRunner.java:645)
at org.testng.TestRunner.beforeRun(TestRunner.java:634)
at org.testng.TestRunner.run(TestRunner.java:596)
at org.testng.SuiteRunner.runTest(SuiteRunner.java:429)
at org.testng.SuiteRunner.runSequentially(SuiteRunner.java:423)
at org.testng.SuiteRunner.privateRun(SuiteRunner.java:383)
at org.testng.SuiteRunner.run(SuiteRunner.java:326)
at org.testng.SuiteRunnerWorker.runSuite(SuiteRunnerWorker.java:52)
at org.testng.SuiteRunnerWorker.run(SuiteRunnerWorker.java:95)
at org.testng.TestNG.runSuitesSequentially(TestNG.java:1249)
at org.testng.TestNG.runSuitesLocally(TestNG.java:1169)
at org.testng.TestNG.runSuites(TestNG.java:1092)
at org.testng.TestNG.run(TestNG.java:1060)
at org.testng.remote.AbstractRemoteTestNG.run(AbstractRemoteTestNG.java:115)
at org.testng.remote.RemoteTestNG.initAndRun(RemoteTestNG.java:251)
at org.testng.remote.RemoteTestNG.main(RemoteTestNG.java:77)
]]>
            </full-stacktrace>
          </exception> <!-- org.openqa.selenium.SessionNotCreatedException -->
          <reporter-output>
          </reporter-output>
        </test-method> <!-- toVerifyReportTab -->
        <test-method is-config="true" signature="logoutActitimeHeader(org.testng.ITestResult)[pri:0, instance:test.VerifyHeaderOfActitime@72057ecf]" started-at="2022-02-02T10:34:55 IST" name="logoutActitimeHeader" finished-at="2022-02-02T10:34:55 IST" duration-ms="0" status="SKIP">
          <reporter-output>
          </reporter-output>
        </test-method> <!-- logoutActitimeHeader -->
        <test-method is-config="true" signature="loginActiTime()[pri:0, instance:test.VerifyHeaderOfActitime@72057ecf]" started-at="2022-02-02T10:34:55 IST" name="loginActiTime" finished-at="2022-02-02T10:34:55 IST" duration-ms="0" status="SKIP">
          <reporter-output>
          </reporter-output>
        </test-method> <!-- loginActiTime -->
        <test-method signature="toVerifyUserTab()[pri:0, instance:test.VerifyHeaderOfActitime@72057ecf]" started-at="2022-02-02T10:34:55 IST" name="toVerifyUserTab" finished-at="2022-02-02T10:34:55 IST" duration-ms="0" status="SKIP">
          <exception class="org.openqa.selenium.SessionNotCreatedException">
            <message>
              <![CDATA[session not created: This version of ChromeDriver only supports Chrome version 96
Current browser version is 98.0.4758.81 with binary path C:\Program Files (x86)\Google\Chrome\Application\chrome.exe
Build info: version: '3.141.59', revision: 'e82be7d358', time: '2018-11-14T08:17:03'
System info: host: 'DESKTOP-HDG8ULN', ip: '192.168.43.23', os.name: 'Windows 10', os.arch: 'amd64', os.version: '10.0', java.version: '16.0.2'
Driver info: driver.version: ChromeDriver
remote stacktrace: Backtrace:
Ordinal0 [0x00956903+2517251]
Ordinal0 [0x008EF8E1+2095329]
Ordinal0 [0x007F2848+1058888]
Ordinal0 [0x00810B9D+1182621]
Ordinal0 [0x0080CA60+1165920]
Ordinal0 [0x0080A2CF+1155791]
Ordinal0 [0x0083AAAF+1354415]
Ordinal0 [0x0083A71A+1353498]
Ordinal0 [0x0083639B+1336219]
Ordinal0 [0x008127A7+1189799]
Ordinal0 [0x00813609+1193481]
GetHandleVerifier [0x00AE5904+1577972]
GetHandleVerifier [0x00B90B97+2279047]
GetHandleVerifier [0x009E6D09+534521]
GetHandleVerifier [0x009E5DB9+530601]
Ordinal0 [0x008F4FF9+2117625]
Ordinal0 [0x008F98A8+2136232]
Ordinal0 [0x008F99E2+2136546]
Ordinal0 [0x00903541+2176321]
BaseThreadInitThunk [0x75CBFA29+25]
RtlGetAppContainerNamedObjectPath [0x77B87A9E+286]
RtlGetAppContainerNamedObjectPath [0x77B87A6E+238]
]]>
            </message>
            <full-stacktrace>
              <![CDATA[org.openqa.selenium.SessionNotCreatedException: session not created: This version of ChromeDriver only supports Chrome version 96
Current browser version is 98.0.4758.81 with binary path C:\Program Files (x86)\Google\Chrome\Application\chrome.exe
Build info: version: '3.141.59', revision: 'e82be7d358', time: '2018-11-14T08:17:03'
System info: host: 'DESKTOP-HDG8ULN', ip: '192.168.43.23', os.name: 'Windows 10', os.arch: 'amd64', os.version: '10.0', java.version: '16.0.2'
Driver info: driver.version: ChromeDriver
remote stacktrace: Backtrace:
Ordinal0 [0x00956903+2517251]
Ordinal0 [0x008EF8E1+2095329]
Ordinal0 [0x007F2848+1058888]
Ordinal0 [0x00810B9D+1182621]
Ordinal0 [0x0080CA60+1165920]
Ordinal0 [0x0080A2CF+1155791]
Ordinal0 [0x0083AAAF+1354415]
Ordinal0 [0x0083A71A+1353498]
Ordinal0 [0x0083639B+1336219]
Ordinal0 [0x008127A7+1189799]
Ordinal0 [0x00813609+1193481]
GetHandleVerifier [0x00AE5904+1577972]
GetHandleVerifier [0x00B90B97+2279047]
GetHandleVerifier [0x009E6D09+534521]
GetHandleVerifier [0x009E5DB9+530601]
Ordinal0 [0x008F4FF9+2117625]
Ordinal0 [0x008F98A8+2136232]
Ordinal0 [0x008F99E2+2136546]
Ordinal0 [0x00903541+2176321]
BaseThreadInitThunk [0x75CBFA29+25]
RtlGetAppContainerNamedObjectPath [0x77B87A9E+286]
RtlGetAppContainerNamedObjectPath [0x77B87A6E+238]

at java.base/jdk.internal.reflect.NativeConstructorAccessorImpl.newInstance0(Native Method)
at java.base/jdk.internal.reflect.NativeConstructorAccessorImpl.newInstance(NativeConstructorAccessorImpl.java:78)
at java.base/jdk.internal.reflect.DelegatingConstructorAccessorImpl.newInstance(DelegatingConstructorAccessorImpl.java:45)
at java.base/java.lang.reflect.Constructor.newInstanceWithCaller(Constructor.java:499)
at java.base/java.lang.reflect.Constructor.newInstance(Constructor.java:480)
at org.openqa.selenium.remote.W3CHandshakeResponse.lambda$errorHandler$0(W3CHandshakeResponse.java:62)
at org.openqa.selenium.remote.HandshakeResponse.lambda$getResponseFunction$0(HandshakeResponse.java:30)
at org.openqa.selenium.remote.ProtocolHandshake.lambda$createSession$0(ProtocolHandshake.java:126)
at java.base/java.util.stream.ReferencePipeline$3$1.accept(ReferencePipeline.java:197)
at java.base/java.util.Spliterators$ArraySpliterator.tryAdvance(Spliterators.java:958)
at java.base/java.util.stream.ReferencePipeline.forEachWithCancel(ReferencePipeline.java:129)
at java.base/java.util.stream.AbstractPipeline.copyIntoWithCancel(AbstractPipeline.java:502)
at java.base/java.util.stream.AbstractPipeline.copyInto(AbstractPipeline.java:488)
at java.base/java.util.stream.AbstractPipeline.wrapAndCopyInto(AbstractPipeline.java:474)
at java.base/java.util.stream.FindOps$FindOp.evaluateSequential(FindOps.java:150)
at java.base/java.util.stream.AbstractPipeline.evaluate(AbstractPipeline.java:234)
at java.base/java.util.stream.ReferencePipeline.findFirst(ReferencePipeline.java:647)
at org.openqa.selenium.remote.ProtocolHandshake.createSession(ProtocolHandshake.java:128)
at org.openqa.selenium.remote.ProtocolHandshake.createSession(ProtocolHandshake.java:74)
at org.openqa.selenium.remote.HttpCommandExecutor.execute(HttpCommandExecutor.java:136)
at org.openqa.selenium.remote.service.DriverCommandExecutor.execute(DriverCommandExecutor.java:83)
at org.openqa.selenium.remote.RemoteWebDriver.execute(RemoteWebDriver.java:552)
at org.openqa.selenium.remote.RemoteWebDriver.startSession(RemoteWebDriver.java:213)
at org.openqa.selenium.remote.RemoteWebDriver.<init>(RemoteWebDriver.java:131)
at org.openqa.selenium.chrome.ChromeDriver.<init>(ChromeDriver.java:181)
at org.openqa.selenium.chrome.ChromeDriver.<init>(ChromeDriver.java:168)
at org.openqa.selenium.chrome.ChromeDriver.<init>(ChromeDriver.java:123)
at base.Base.openChromeBrowser(Base.java:13)
at test.VerifyHeaderOfActitime.lauchBrowser(VerifyHeaderOfActitime.java:56)
at java.base/jdk.internal.reflect.NativeMethodAccessorImpl.invoke0(Native Method)
at java.base/jdk.internal.reflect.NativeMethodAccessorImpl.invoke(NativeMethodAccessorImpl.java:78)
at java.base/jdk.internal.reflect.DelegatingMethodAccessorImpl.invoke(DelegatingMethodAccessorImpl.java:43)
at java.base/java.lang.reflect.Method.invoke(Method.java:567)
at org.testng.internal.invokers.MethodInvocationHelper.invokeMethod(MethodInvocationHelper.java:135)
at org.testng.internal.invokers.MethodInvocationHelper.invokeMethodConsideringTimeout(MethodInvocationHelper.java:65)
at org.testng.internal.invokers.ConfigInvoker.invokeConfigurationMethod(ConfigInvoker.java:381)
at org.testng.internal.invokers.ConfigInvoker.invokeConfigurations(ConfigInvoker.java:319)
at org.testng.TestRunner.invokeTestConfigurations(TestRunner.java:645)
at org.testng.TestRunner.beforeRun(TestRunner.java:634)
at org.testng.TestRunner.run(TestRunner.java:596)
at org.testng.SuiteRunner.runTest(SuiteRunner.java:429)
at org.testng.SuiteRunner.runSequentially(SuiteRunner.java:423)
at org.testng.SuiteRunner.privateRun(SuiteRunner.java:383)
at org.testng.SuiteRunner.run(SuiteRunner.java:326)
at org.testng.SuiteRunnerWorker.runSuite(SuiteRunnerWorker.java:52)
at org.testng.SuiteRunnerWorker.run(SuiteRunnerWorker.java:95)
at org.testng.TestNG.runSuitesSequentially(TestNG.java:1249)
at org.testng.TestNG.runSuitesLocally(TestNG.java:1169)
at org.testng.TestNG.runSuites(TestNG.java:1092)
at org.testng.TestNG.run(TestNG.java:1060)
at org.testng.remote.AbstractRemoteTestNG.run(AbstractRemoteTestNG.java:115)
at org.testng.remote.RemoteTestNG.initAndRun(RemoteTestNG.java:251)
at org.testng.remote.RemoteTestNG.main(RemoteTestNG.java:77)
]]>
            </full-stacktrace>
          </exception> <!-- org.openqa.selenium.SessionNotCreatedException -->
          <reporter-output>
          </reporter-output>
        </test-method> <!-- toVerifyUserTab -->
        <test-method is-config="true" signature="logoutActitimeHeader(org.testng.ITestResult)[pri:0, instance:test.VerifyHeaderOfActitime@72057ecf]" started-at="2022-02-02T10:34:55 IST" name="logoutActitimeHeader" finished-at="2022-02-02T10:34:55 IST" duration-ms="0" status="SKIP">
          <reporter-output>
          </reporter-output>
        </test-method> <!-- logoutActitimeHeader -->
        <test-method is-config="true" signature="Clearobjects()[pri:0, instance:test.VerifyHeaderOfActitime@72057ecf]" started-at="2022-02-02T10:34:55 IST" name="Clearobjects" finished-at="2022-02-02T10:34:55 IST" duration-ms="0" status="SKIP">
          <reporter-output>
          </reporter-output>
        </test-method> <!-- Clearobjects -->
        <test-method is-config="true" signature="closeBrowser()[pri:0, instance:test.VerifyHeaderOfActitime@72057ecf]" started-at="2022-02-02T10:34:55 IST" name="closeBrowser" finished-at="2022-02-02T10:34:55 IST" duration-ms="0" status="SKIP">
          <reporter-output>
          </reporter-output>
        </test-method> <!-- closeBrowser -->
      </class> <!-- test.VerifyHeaderOfActitime -->
    </test> <!-- ChromeTest -->
    <test started-at="2022-02-02T10:34:56 IST" name="FirefoxTest" finished-at="2022-02-02T10:36:56 IST" duration-ms="120974">
      <class name="test.VerifyHeaderOfActitime">
        <test-method is-config="true" signature="lauchBrowser(java.lang.String)[pri:0, instance:test.VerifyHeaderOfActitime@dd8ba08]" started-at="2022-02-02T10:34:56 IST" name="lauchBrowser" finished-at="2022-02-02T10:35:40 IST" duration-ms="44060" status="PASS">
          <params>
            <param index="0">
              <value>
                <![CDATA[firefox]]>
              </value>
            </param>
          </params>
          <reporter-output>
          </reporter-output>
        </test-method> <!-- lauchBrowser -->
        <test-method is-config="true" signature="initializePomclasses()[pri:0, instance:test.VerifyHeaderOfActitime@dd8ba08]" started-at="2022-02-02T10:35:40 IST" name="initializePomclasses" finished-at="2022-02-02T10:35:40 IST" duration-ms="165" status="PASS">
          <reporter-output>
          </reporter-output>
        </test-method> <!-- initializePomclasses -->
        <test-method is-config="true" signature="loginActiTime()[pri:0, instance:test.VerifyHeaderOfActitime@dd8ba08]" started-at="2022-02-02T10:35:40 IST" name="loginActiTime" finished-at="2022-02-02T10:36:14 IST" duration-ms="34244" status="PASS">
          <reporter-output>
          </reporter-output>
        </test-method> <!-- loginActiTime -->
        <test-method signature="toVerifyReportTab()[pri:0, instance:test.VerifyHeaderOfActitime@dd8ba08]" started-at="2022-02-02T10:36:14 IST" name="toVerifyReportTab" finished-at="2022-02-02T10:36:35 IST" duration-ms="20857" status="PASS">
          <reporter-output>
          </reporter-output>
        </test-method> <!-- toVerifyReportTab -->
        <test-method is-config="true" signature="logoutActitimeHeader(org.testng.ITestResult)[pri:0, instance:test.VerifyHeaderOfActitime@dd8ba08]" started-at="2022-02-02T10:36:35 IST" name="logoutActitimeHeader" finished-at="2022-02-02T10:36:36 IST" duration-ms="796" status="PASS">
          <params>
            <param index="0">
              <value>
                <![CDATA[[TestResult name=toVerifyReportTab status=SUCCESS method=VerifyHeaderOfActitime.toVerifyReportTab()[pri:0, instance:test.VerifyHeaderOfActitime@dd8ba08] output={null}]]]>
              </value>
            </param>
          </params>
          <reporter-output>
          </reporter-output>
        </test-method> <!-- logoutActitimeHeader -->
        <test-method is-config="true" signature="loginActiTime()[pri:0, instance:test.VerifyHeaderOfActitime@dd8ba08]" started-at="2022-02-02T10:36:36 IST" name="loginActiTime" finished-at="2022-02-02T10:36:41 IST" duration-ms="5050" status="PASS">
          <reporter-output>
          </reporter-output>
        </test-method> <!-- loginActiTime -->
        <test-method signature="toVerifyUserTab()[pri:0, instance:test.VerifyHeaderOfActitime@dd8ba08]" started-at="2022-02-02T10:36:41 IST" name="toVerifyUserTab" finished-at="2022-02-02T10:36:51 IST" duration-ms="10551" status="PASS">
          <reporter-output>
          </reporter-output>
        </test-method> <!-- toVerifyUserTab -->
        <test-method is-config="true" signature="logoutActitimeHeader(org.testng.ITestResult)[pri:0, instance:test.VerifyHeaderOfActitime@dd8ba08]" started-at="2022-02-02T10:36:51 IST" name="logoutActitimeHeader" finished-at="2022-02-02T10:36:52 IST" duration-ms="598" status="PASS">
          <params>
            <param index="0">
              <value>
                <![CDATA[[TestResult name=toVerifyUserTab status=SUCCESS method=VerifyHeaderOfActitime.toVerifyUserTab()[pri:0, instance:test.VerifyHeaderOfActitime@dd8ba08] output={null}]]]>
              </value>
            </param>
          </params>
          <reporter-output>
          </reporter-output>
        </test-method> <!-- logoutActitimeHeader -->
        <test-method is-config="true" signature="Clearobjects()[pri:0, instance:test.VerifyHeaderOfActitime@dd8ba08]" started-at="2022-02-02T10:36:52 IST" name="Clearobjects" finished-at="2022-02-02T10:36:52 IST" duration-ms="0" status="PASS">
          <reporter-output>
          </reporter-output>
        </test-method> <!-- Clearobjects -->
        <test-method is-config="true" signature="closeBrowser()[pri:0, instance:test.VerifyHeaderOfActitime@dd8ba08]" started-at="2022-02-02T10:36:52 IST" name="closeBrowser" finished-at="2022-02-02T10:36:56 IST" duration-ms="4637" status="PASS">
          <reporter-output>
          </reporter-output>
        </test-method> <!-- closeBrowser -->
      </class> <!-- test.VerifyHeaderOfActitime -->
    </test> <!-- FirefoxTest -->
  </suite> <!-- Suite -->
</testng-results>
